<?xml version="1.0" encoding="UTF-8" ?>
<testsuite errors="0" failures="0" hostname="hasdrubal.local" name="StepwiseTransactionsSpec" tests="2" time="0.157" timestamp="2011-08-10T03:10:21">
  <properties />
  <testcase classname="StepwiseTransactionsSpec" name="insert a person" time="0.0060" />
  <testcase classname="StepwiseTransactionsSpec" name="person should still be there because its the same transaction" time="0.0030" />
  <system-out><![CDATA[--Output from insert a person--
--Output from person should still be there because its the same transaction--
]]></system-out>
  <system-err><![CDATA[--Output from insert a person--
--Output from person should still be there because its the same transaction--
]]></system-err>
</testsuite>
