<?xml version="1.0" encoding="UTF-8" ?>
<testsuite errors="0" failures="0" hostname="hasdrubal.local" name="TestControllerSpec" tests="4" time="0.341" timestamp="2011-08-10T03:10:15">
  <properties />
  <testcase classname="TestControllerSpec" name="text action" time="0.241" />
  <testcase classname="TestControllerSpec" name="some redirect action" time="0.0050" />
  <testcase classname="TestControllerSpec" name="bodyElementText action" time="0.087" />
  <testcase classname="TestControllerSpec" name="model action" time="0.0050" />
  <system-out><![CDATA[--Output from text action--
--Output from some redirect action--
--Output from bodyElementText action--
--Output from model action--
]]></system-out>
  <system-err><![CDATA[--Output from text action--
--Output from some redirect action--
--Output from bodyElementText action--
--Output from model action--
]]></system-err>
</testsuite>
