<?xml version="1.0" encoding="UTF-8" ?>
<testsuite errors="0" failures="0" hostname="hasdrubal.local" name="GoodSpec" tests="1" time="0.035" timestamp="2011-08-10T03:10:15">
  <properties />
  <testcase classname="GoodSpec" name="can you figure out what I&apos;m up to?" time="0.016" />
  <system-out><![CDATA[--Output from can you figure out what I'm up to?--
]]></system-out>
  <system-err><![CDATA[--Output from can you figure out what I'm up to?--
]]></system-err>
</testsuite>
