<?xml version="1.0" encoding="UTF-8" ?>
<testsuite errors="0" failures="0" hostname="hasdrubal.local" name="NonStepwiseTransactionsSpec" tests="2" time="0.141" timestamp="2011-08-10T03:10:21">
  <properties />
  <testcase classname="NonStepwiseTransactionsSpec" name="insert a person" time="0.126" />
  <testcase classname="NonStepwiseTransactionsSpec" name="person should not be there because its a different transaction" time="0.0040" />
  <system-out><![CDATA[--Output from insert a person--
--Output from person should not be there because its a different transaction--
]]></system-out>
  <system-err><![CDATA[--Output from insert a person--
--Output from person should not be there because its a different transaction--
]]></system-err>
</testsuite>
