<?xml version="1.0" encoding="UTF-8" ?>
<testsuite errors="0" failures="0" hostname="hasdrubal.local" name="TestTagLibSpec" tests="3" time="0.052" timestamp="2011-08-10T03:10:16">
  <properties />
  <testcase classname="TestTagLibSpec" name="bar tag" time="0.028" />
  <testcase classname="TestTagLibSpec" name="bar tag subsequent call" time="0.011" />
  <testcase classname="TestTagLibSpec" name="body tag" time="0.012" />
  <system-out><![CDATA[--Output from bar tag--
--Output from bar tag subsequent call--
--Output from body tag--
]]></system-out>
  <system-err><![CDATA[--Output from bar tag--
--Output from bar tag subsequent call--
--Output from body tag--
]]></system-err>
</testsuite>
